# JRE version: OpenJDK Runtime Environment (11.0.10) (build 11.0.10+0-b96-7249189)
# Java VM: OpenJDK 64-Bit Server VM (11.0.10+0-b96-7249189, mixed mode, tiered, compressed oops, g1 gc, windows-amd64)
Heap:
 garbage-first heap   total 561152K, used 193144K [0x0000000080000000, 0x0000000100000000)
  region size 1024K, 18 young (18432K), 18 survivors (18432K)
 Metaspace       used 133579K, capacity 136957K, committed 137088K, reserved 1169408K
  class space    used 16658K, capacity 17941K, committed 18048K, reserved 1048576K
GC Heap History (20 events):
Event: 2453.378 GC heap after
{Heap after GC invocations=76 (full 0):
 garbage-first heap   total 235520K, used 119057K [0x0000000080000000, 0x0000000100000000)
  region size 1024K, 4 young (4096K), 4 survivors (4096K)
 Metaspace       used 122201K, capacity 124930K, committed 125824K, reserved 1159168K
  class space    used 15018K, capacity 16007K, committed 16256K, reserved 1048576K
}
Event: 2453.741 GC heap before
{Heap before GC invocations=76 (full 0):
 garbage-first heap   total 235520K, used 178449K [0x0000000080000000, 0x0000000100000000)
  region size 1024K, 63 young (64512K), 4 survivors (4096K)
 Metaspace       used 122733K, capacity 125464K, committed 126464K, reserved 1159168K
  class space    used 15085K, capacity 16093K, committed 16384K, reserved 1048576K
}
Event: 2453.745 GC heap after
{Heap after GC invocations=77 (full 0):
 garbage-first heap   total 235520K, used 120397K [0x0000000080000000, 0x0000000100000000)
  region size 1024K, 6 young (6144K), 6 survivors (6144K)
 Metaspace       used 122733K, capacity 125464K, committed 126464K, reserved 1159168K
  class space    used 15085K, capacity 16093K, committed 16384K, reserved 1048576K
}
Event: 2453.968 GC heap before
{Heap before GC invocations=77 (full 0):
 garbage-first heap   total 235520K, used 181837K [0x0000000080000000, 0x0000000100000000)
  region size 1024K, 67 young (68608K), 6 survivors (6144K)
 Metaspace       used 123388K, capacity 126073K, committed 126976K, reserved 1159168K
  class space    used 15149K, capacity 16140K, committed 16384K, reserved 1048576K
}
Event: 2453.977 GC heap after
{Heap after GC invocations=78 (full 0):
 garbage-first heap   total 285696K, used 122427K [0x0000000080000000, 0x0000000100000000)
  region size 1024K, 7 young (7168K), 7 survivors (7168K)
 Metaspace       used 123388K, capacity 126073K, committed 126976K, reserved 1159168K
  class space    used 15149K, capacity 16140K, committed 16384K, reserved 1048576K
}
Event: 2454.257 GC heap before
{Heap before GC invocations=78 (full 0):
 garbage-first heap   total 285696K, used 209467K [0x0000000080000000, 0x0000000100000000)
  region size 1024K, 93 young (95232K), 7 survivors (7168K)
 Metaspace       used 124497K, capacity 127380K, committed 128128K, reserved 1161216K
  class space    used 15306K, capacity 16358K, committed 16512K, reserved 1048576K
}
Event: 2454.270 GC heap after
{Heap after GC invocations=79 (full 0):
 garbage-first heap   total 285696K, used 135866K [0x0000000080000000, 0x0000000100000000)
  region size 1024K, 12 young (12288K), 12 survivors (12288K)
 Metaspace       used 124497K, capacity 127380K, committed 128128K, reserved 1161216K
  class space    used 15306K, capacity 16358K, committed 16512K, reserved 1048576K
}
Event: 2454.589 GC heap before
{Heap before GC invocations=79 (full 0):
 garbage-first heap   total 285696K, used 217786K [0x0000000080000000, 0x0000000100000000)
  region size 1024K, 91 young (93184K), 12 survivors (12288K)
 Metaspace       used 127253K, capacity 130197K, committed 130560K, reserved 1163264K
  class space    used 15685K, capacity 16785K, committed 16896K, reserved 1048576K
}
Event: 2454.607 GC heap after
{Heap after GC invocations=80 (full 0):
 garbage-first heap   total 285696K, used 149030K [0x0000000080000000, 0x0000000100000000)
  region size 1024K, 12 young (12288K), 12 survivors (12288K)
 Metaspace       used 127253K, capacity 130197K, committed 130560K, reserved 1163264K
  class space    used 15685K, capacity 16785K, committed 16896K, reserved 1048576K
}
Event: 2454.818 GC heap before
{Heap before GC invocations=80 (full 0):
 garbage-first heap   total 285696K, used 220710K [0x0000000080000000, 0x0000000100000000)
  region size 1024K, 83 young (84992K), 12 survivors (12288K)
 Metaspace       used 128658K, capacity 131679K, committed 131840K, reserved 1163264K
  class space    used 15948K, capacity 17068K, committed 17152K, reserved 1048576K
}
Event: 2454.838 GC heap after
{Heap after GC invocations=81 (full 0):
 garbage-first heap   total 285696K, used 161792K [0x0000000080000000, 0x0000000100000000)
  region size 1024K, 11 young (11264K), 11 survivors (11264K)
 Metaspace       used 128658K, capacity 131679K, committed 131840K, reserved 1163264K
  class space    used 15948K, capacity 17068K, committed 17152K, reserved 1048576K
}
Event: 2454.953 GC heap before
{Heap before GC invocations=81 (full 0):
 garbage-first heap   total 285696K, used 225280K [0x0000000080000000, 0x0000000100000000)
  region size 1024K, 74 young (75776K), 11 survivors (11264K)
 Metaspace       used 129710K, capacity 132773K, committed 133120K, reserved 1165312K
  class space    used 16114K, capacity 17285K, committed 17408K, reserved 1048576K
}
Event: 2454.977 GC heap after
{Heap after GC invocations=82 (full 0):
 garbage-first heap   total 441344K, used 174080K [0x0000000080000000, 0x0000000100000000)
  region size 1024K, 10 young (10240K), 10 survivors (10240K)
 Metaspace       used 129710K, capacity 132773K, committed 133120K, reserved 1165312K
  class space    used 16114K, capacity 17285K, committed 17408K, reserved 1048576K
}
Event: 2455.331 GC heap before
{Heap before GC invocations=82 (full 0):
 garbage-first heap   total 441344K, used 282624K [0x0000000080000000, 0x0000000100000000)
  region size 1024K, 116 young (118784K), 10 survivors (10240K)
 Metaspace       used 131497K, capacity 134701K, committed 134912K, reserved 1167360K
  class space    used 16387K, capacity 17595K, committed 17664K, reserved 1048576K
}
Event: 2455.349 GC heap after
{Heap after GC invocations=83 (full 0):
 garbage-first heap   total 441344K, used 183942K [0x0000000080000000, 0x0000000100000000)
  region size 1024K, 9 young (9216K), 9 survivors (9216K)
 Metaspace       used 131497K, capacity 134701K, committed 134912K, reserved 1167360K
  class space    used 16387K, capacity 17595K, committed 17664K, reserved 1048576K
}
Event: 2455.682 GC heap before
{Heap before GC invocations=83 (full 0):
 garbage-first heap   total 441344K, used 302726K [0x0000000080000000, 0x0000000100000000)
  region size 1024K, 125 young (128000K), 9 survivors (9216K)
 Metaspace       used 132664K, capacity 135942K, committed 136064K, reserved 1167360K
  class space    used 16538K, capacity 17773K, committed 17792K, reserved 1048576K
}
Event: 2455.693 GC heap after
{Heap after GC invocations=84 (full 0):
 garbage-first heap   total 441344K, used 185207K [0x0000000080000000, 0x0000000100000000)
  region size 1024K, 10 young (10240K), 10 survivors (10240K)
 Metaspace       used 132664K, capacity 135942K, committed 136064K, reserved 1167360K
  class space    used 16538K, capacity 17773K, committed 17792K, reserved 1048576K
}
Event: 2456.068 GC heap before
{Heap before GC invocations=84 (full 0):
 garbage-first heap   total 441344K, used 329591K [0x0000000080000000, 0x0000000100000000)
  region size 1024K, 152 young (155648K), 10 survivors (10240K)
 Metaspace       used 133457K, capacity 136802K, committed 137088K, reserved 1169408K
  class space    used 16653K, capacity 17933K, committed 18048K, reserved 1048576K
}
Event: 2456.082 GC heap after
{Heap after GC invocations=85 (full 0):
 garbage-first heap   total 441344K, used 186676K [0x0000000080000000, 0x0000000100000000)
  region size 1024K, 12 young (12288K), 12 survivors (12288K)
 Metaspace       used 133457K, capacity 136802K, committed 137088K, reserved 1169408K
  class space    used 16653K, capacity 17933K, committed 18048K, reserved 1048576K
}
Event: 2456.405 GC heap before
{Heap before GC invocations=85 (full 0):
 garbage-first heap   total 441344K, used 345396K [0x0000000080000000, 0x0000000100000000)
  region size 1024K, 167 young (171008K), 12 survivors (12288K)
 Metaspace       used 133579K, capacity 136957K, committed 137088K, reserved 1169408K
  class space    used 16658K, capacity 17941K, committed 18048K, reserved 1048576K
}

