# JRE version: OpenJDK Runtime Environment (11.0.10) (build 11.0.10+0-b96-7249189)
# Java VM: OpenJDK 64-Bit Server VM (11.0.10+0-b96-7249189, mixed mode, tiered, compressed oops, g1 gc, windows-amd64)
Heap:
 garbage-first heap   total 683008K, used 152463K [0x0000000080000000, 0x0000000100000000)
  region size 1024K, 23 young (23552K), 23 survivors (23552K)
 Metaspace       used 98338K, capacity 101116K, committed 102136K, reserved 1136640K
  class space    used 12789K, capacity 13862K, committed 14412K, reserved 1048576K
GC Heap History (20 events):
Event: 11.050 GC heap after
{Heap after GC invocations=38 (full 0):
 garbage-first heap   total 324608K, used 130915K [0x0000000080000000, 0x0000000100000000)
  region size 1024K, 6 young (6144K), 6 survivors (6144K)
 Metaspace       used 96931K, capacity 99562K, committed 100984K, reserved 1136640K
  class space    used 12676K, capacity 13684K, committed 14284K, reserved 1048576K
}
Event: 11.245 GC heap before
{Heap before GC invocations=38 (full 0):
 garbage-first heap   total 324608K, used 279395K [0x0000000080000000, 0x0000000100000000)
  region size 1024K, 150 young (153600K), 6 survivors (6144K)
 Metaspace       used 97200K, capacity 99801K, committed 101240K, reserved 1136640K
  class space    used 12679K, capacity 13684K, committed 14284K, reserved 1048576K
}
Event: 11.252 GC heap after
{Heap after GC invocations=39 (full 0):
 garbage-first heap   total 324608K, used 130584K [0x0000000080000000, 0x0000000100000000)
  region size 1024K, 5 young (5120K), 5 survivors (5120K)
 Metaspace       used 97200K, capacity 99801K, committed 101240K, reserved 1136640K
  class space    used 12679K, capacity 13684K, committed 14284K, reserved 1048576K
}
Event: 11.412 GC heap before
{Heap before GC invocations=39 (full 0):
 garbage-first heap   total 324608K, used 279064K [0x0000000080000000, 0x0000000100000000)
  region size 1024K, 151 young (154624K), 5 survivors (5120K)
 Metaspace       used 97300K, capacity 99933K, committed 101240K, reserved 1136640K
  class space    used 12686K, capacity 13684K, committed 14284K, reserved 1048576K
}
Event: 11.426 GC heap after
{Heap after GC invocations=40 (full 0):
 garbage-first heap   total 390144K, used 140038K [0x0000000080000000, 0x0000000100000000)
  region size 1024K, 15 young (15360K), 15 survivors (15360K)
 Metaspace       used 97300K, capacity 99933K, committed 101240K, reserved 1136640K
  class space    used 12686K, capacity 13684K, committed 14284K, reserved 1048576K
}
Event: 11.592 GC heap before
{Heap before GC invocations=40 (full 0):
 garbage-first heap   total 390144K, used 302854K [0x0000000080000000, 0x0000000100000000)
  region size 1024K, 174 young (178176K), 15 survivors (15360K)
 Metaspace       used 97599K, capacity 100210K, committed 101496K, reserved 1136640K
  class space    used 12729K, capacity 13734K, committed 14284K, reserved 1048576K
}
Event: 11.604 GC heap after
{Heap after GC invocations=41 (full 0):
 garbage-first heap   total 390144K, used 141951K [0x0000000080000000, 0x0000000100000000)
  region size 1024K, 14 young (14336K), 14 survivors (14336K)
 Metaspace       used 97599K, capacity 100210K, committed 101496K, reserved 1136640K
  class space    used 12729K, capacity 13734K, committed 14284K, reserved 1048576K
}
Event: 11.760 GC heap before
{Heap before GC invocations=41 (full 0):
 garbage-first heap   total 390144K, used 321151K [0x0000000080000000, 0x0000000100000000)
  region size 1024K, 189 young (193536K), 14 survivors (14336K)
 Metaspace       used 97635K, capacity 100278K, committed 101496K, reserved 1136640K
  class space    used 12730K, capacity 13735K, committed 14284K, reserved 1048576K
}
Event: 11.769 GC heap after
{Heap after GC invocations=42 (full 0):
 garbage-first heap   total 390144K, used 142646K [0x0000000080000000, 0x0000000100000000)
  region size 1024K, 14 young (14336K), 14 survivors (14336K)
 Metaspace       used 97635K, capacity 100278K, committed 101496K, reserved 1136640K
  class space    used 12730K, capacity 13735K, committed 14284K, reserved 1048576K
}
Event: 11.936 GC heap before
{Heap before GC invocations=42 (full 0):
 garbage-first heap   total 390144K, used 334134K [0x0000000080000000, 0x0000000100000000)
  region size 1024K, 201 young (205824K), 14 survivors (14336K)
 Metaspace       used 97655K, capacity 100283K, committed 101496K, reserved 1136640K
  class space    used 12731K, capacity 13737K, committed 14284K, reserved 1048576K
}
Event: 11.947 GC heap after
{Heap after GC invocations=43 (full 0):
 garbage-first heap   total 390144K, used 141619K [0x0000000080000000, 0x0000000100000000)
  region size 1024K, 13 young (13312K), 13 survivors (13312K)
 Metaspace       used 97655K, capacity 100283K, committed 101496K, reserved 1136640K
  class space    used 12731K, capacity 13737K, committed 14284K, reserved 1048576K
}
Event: 12.173 GC heap before
{Heap before GC invocations=43 (full 0):
 garbage-first heap   total 390144K, used 336179K [0x0000000080000000, 0x0000000100000000)
  region size 1024K, 203 young (207872K), 13 survivors (13312K)
 Metaspace       used 98025K, capacity 100853K, committed 101880K, reserved 1136640K
  class space    used 12788K, capacity 13860K, committed 14412K, reserved 1048576K
}
Event: 12.186 GC heap after
{Heap after GC invocations=44 (full 0):
 garbage-first heap   total 501760K, used 140879K [0x0000000080000000, 0x0000000100000000)
  region size 1024K, 12 young (12288K), 12 survivors (12288K)
 Metaspace       used 98025K, capacity 100853K, committed 101880K, reserved 1136640K
  class space    used 12788K, capacity 13860K, committed 14412K, reserved 1048576K
}
Event: 12.492 GC heap before
{Heap before GC invocations=44 (full 0):
 garbage-first heap   total 501760K, used 421455K [0x0000000080000000, 0x0000000100000000)
  region size 1024K, 286 young (292864K), 12 survivors (12288K)
 Metaspace       used 98035K, capacity 100853K, committed 101880K, reserved 1136640K
  class space    used 12788K, capacity 13860K, committed 14412K, reserved 1048576K
}
Event: 12.501 GC heap after
{Heap after GC invocations=45 (full 0):
 garbage-first heap   total 501760K, used 140288K [0x0000000080000000, 0x0000000100000000)
  region size 1024K, 11 young (11264K), 11 survivors (11264K)
 Metaspace       used 98035K, capacity 100853K, committed 101880K, reserved 1136640K
  class space    used 12788K, capacity 13860K, committed 14412K, reserved 1048576K
}
Event: 12.791 GC heap before
{Heap before GC invocations=45 (full 0):
 garbage-first heap   total 501760K, used 430080K [0x0000000080000000, 0x0000000100000000)
  region size 1024K, 294 young (301056K), 11 survivors (11264K)
 Metaspace       used 98081K, capacity 100860K, committed 101880K, reserved 1136640K
  class space    used 12789K, capacity 13861K, committed 14412K, reserved 1048576K
}
Event: 12.801 GC heap after
{Heap after GC invocations=46 (full 0):
 garbage-first heap   total 501760K, used 140858K [0x0000000080000000, 0x0000000100000000)
  region size 1024K, 12 young (12288K), 12 survivors (12288K)
 Metaspace       used 98081K, capacity 100860K, committed 101880K, reserved 1136640K
  class space    used 12789K, capacity 13861K, committed 14412K, reserved 1048576K
}
Event: 14.102 GC heap before
{Heap before GC invocations=46 (full 0):
 garbage-first heap   total 501760K, used 429626K [0x0000000080000000, 0x0000000100000000)
  region size 1024K, 294 young (301056K), 12 survivors (12288K)
 Metaspace       used 98159K, capacity 100943K, committed 102136K, reserved 1136640K
  class space    used 12789K, capacity 13861K, committed 14412K, reserved 1048576K
}
Event: 14.156 GC heap after
{Heap after GC invocations=47 (full 0):
 garbage-first heap   total 501760K, used 142876K [0x0000000080000000, 0x0000000100000000)
  region size 1024K, 14 young (14336K), 14 survivors (14336K)
 Metaspace       used 98159K, capacity 100943K, committed 102136K, reserved 1136640K
  class space    used 12789K, capacity 13861K, committed 14412K, reserved 1048576K
}
Event: 15.823 GC heap before
{Heap before GC invocations=47 (full 0):
 garbage-first heap   total 501760K, used 432668K [0x0000000080000000, 0x0000000100000000)
  region size 1024K, 294 young (301056K), 14 survivors (14336K)
 Metaspace       used 98338K, capacity 101116K, committed 102136K, reserved 1136640K
  class space    used 12789K, capacity 13862K, committed 14412K, reserved 1048576K
}

